Added Pin To Net: NetName=NetC1_1 Pin=C1-1
Added Pin To Net: NetName=NetC1_2 Pin=C1-2
Added Pin To Net: NetName=NetC2_1 Pin=C2-1
Added Pin To Net: NetName=NetC1_2 Pin=C2-2
Added Pin To Net: NetName=NetC3_1 Pin=C3-1
Added Pin To Net: NetName=NetC3_2 Pin=C3-2
Added Pin To Net: NetName=NetC4_1 Pin=C4-1
Added Pin To Net: NetName=NetC4_2 Pin=C4-2
Added Pin To Net: NetName=NetOP1_1 Pin=OP1-1
Added Pin To Net: NetName=NetC4_2 Pin=OP1-2
Added Pin To Net: NetName=NetOP1_3 Pin=OP1-3
Added Pin To Net: NetName=NetC1_1 Pin=OP1-4
Added Pin To Net: NetName=NetR1_1 Pin=R1-1
Added Pin To Net: NetName=NetR1_2 Pin=R1-2
Added Pin To Net: NetName=NetC3_2 Pin=R2-1
Added Pin To Net: NetName=NetC2_1 Pin=R2-2
Added Pin To Net: NetName=NetR3_1 Pin=R3-1
Added Pin To Net: NetName=NetC3_1 Pin=R3-2
Added Pin To Net: NetName=NetR4_1 Pin=R4-1
Added Pin To Net: NetName=NetOP1_3 Pin=R4-2
Added Pin To Net: NetName=NetR4_1 Pin=R5-1
Added Pin To Net: NetName=NetC1_2 Pin=R5-2
Added Pin To Net: NetName=NetR6_1 Pin=R6-1
Added Pin To Net: NetName=NetC4_1 Pin=R6-2
Added Pin To Net: NetName=NetC4_2 Pin=R7-1
Added Pin To Net: NetName=NetOP1_1 Pin=R7-2
Added Pin To Net: NetName=NetC1_1 Pin=T1-1
Added Pin To Net: NetName=NetR3_1 Pin=T1-2
Added Pin To Net: NetName=NetT1_3 Pin=T1-3
Added Pin To Net: NetName=NetC2_1 Pin=T1-4
Added Pin To Net: NetName=NetT1_5 Pin=T1-5
Added Pin To Net: NetName=NetC4_2 Pin=T1-8
Added Pin To Net: NetName=NetC2_1 Pin=VD1-1
Added Pin To Net: NetName=NetC1_2 Pin=VD1-2
Added Pin To Net: NetName=NetR1_2 Pin=VD1-3
Added Pin To Net: NetName=NetVD1_4 Pin=VD1-4
Added Pin To Net: NetName=NetC1_2 Pin=VD2-1
Added Pin To Net: NetName=NetR3_1 Pin=VD2-2
Added Pin To Net: NetName=NetT1_5 Pin=VD3-1
Added Pin To Net: NetName=NetC4_1 Pin=VD3-2
Added Pin To Net: NetName=NetR6_1 Pin=VD4-1
Added Pin To Net: NetName=NetC4_2 Pin=VD4-2
Added Pin To Net: NetName=NetOP1_1 Pin=VD5-1
Added Pin To Net: NetName=NetC4_1 Pin=VD5-2
Added Pin To Net: NetName=NetOP1_3 Pin=VT1-1
Added Pin To Net: NetName=NetC3_2 Pin=VT1-2
Added Pin To Net: NetName=NetC1_2 Pin=VT1-3
Added Pin To Net: NetName=NetC3_2 Pin=VT2-1
Added Pin To Net: NetName=NetT1_3 Pin=VT2-2
Added Pin To Net: NetName=NetR4_1 Pin=VT2-3
Added Pin To Net: NetName=NetR1_1 Pin=XS1-1
Added Pin To Net: NetName=NetVD1_4 Pin=XS1-2
Added Pin To Net: NetName=NetC4_1 Pin=XS2-1
Added Pin To Net: NetName=NetC4_2 Pin=XS2-2
Added Member To Class: ClassName=Schematic Member=Component C1 10u
Added Member To Class: ClassName=Schematic Member=Component C2 2.2u
Added Member To Class: ClassName=Schematic Member=Component C3 5n6
Added Member To Class: ClassName=Schematic Member=Component C4 220u
Added Member To Class: ClassName=Schematic Member=Component OP1 PC817
Added Member To Class: ClassName=Schematic Member=Component R1 1
Added Member To Class: ClassName=Schematic Member=Component R2 1M
Added Member To Class: ClassName=Schematic Member=Component R3 680
Added Member To Class: ClassName=Schematic Member=Component R4 680
Added Member To Class: ClassName=Schematic Member=Component R5 10
Added Member To Class: ClassName=Schematic Member=Component R6 680
Added Member To Class: ClassName=Schematic Member=Component R7 220
Added Member To Class: ClassName=Schematic Member=Component T1 200x15x7
Added Member To Class: ClassName=Schematic Member=Component VD1 DB106
Added Member To Class: ClassName=Schematic Member=Component VD2 1N4148
Added Member To Class: ClassName=Schematic Member=Component VD3 1N5819
Added Member To Class: ClassName=Schematic Member=Component VD4 Model
Added Member To Class: ClassName=Schematic Member=Component VD5 1N4730A
Added Member To Class: ClassName=Schematic Member=Component VT1 BD135
Added Member To Class: ClassName=Schematic Member=Component VT2 MJE13003
Added Member To Class: ClassName=Schematic Member=Component XS1 306-021-12
Added Member To Class: ClassName=Schematic Member=Component XS2 USB 2.0
