Added Pin To Net: NetName=NetC1_1 Pin=C1-1
Added Pin To Net: NetName=NetC1_1 Pin=OP1-4
Added Pin To Net: NetName=NetC1_1 Pin=T1-1
Added Net: Name=NetC1_1
Added Pin To Net: NetName=NetC1_2 Pin=C1-2
Added Pin To Net: NetName=NetC1_2 Pin=C2-2
Added Pin To Net: NetName=NetC1_2 Pin=R5-2
Added Pin To Net: NetName=NetC1_2 Pin=VD1-2
Added Pin To Net: NetName=NetC1_2 Pin=VD2-1
Added Pin To Net: NetName=NetC1_2 Pin=VT1-3
Added Net: Name=NetC1_2
Added Pin To Net: NetName=NetC2_1 Pin=C2-1
Added Pin To Net: NetName=NetC2_1 Pin=R2-2
Added Pin To Net: NetName=NetC2_1 Pin=T1-4
Added Pin To Net: NetName=NetC2_1 Pin=VD1-1
Added Net: Name=NetC2_1
Added Pin To Net: NetName=NetC3_1 Pin=C3-1
Added Pin To Net: NetName=NetC3_1 Pin=R3-2
Added Net: Name=NetC3_1
Added Pin To Net: NetName=NetC3_2 Pin=C3-2
Added Pin To Net: NetName=NetC3_2 Pin=R2-1
Added Pin To Net: NetName=NetC3_2 Pin=VT1-2
Added Pin To Net: NetName=NetC3_2 Pin=VT2-1
Added Net: Name=NetC3_2
Added Pin To Net: NetName=NetC4_1 Pin=C4-1
Added Pin To Net: NetName=NetC4_1 Pin=R6-2
Added Pin To Net: NetName=NetC4_1 Pin=VD3-2
Added Pin To Net: NetName=NetC4_1 Pin=VD5-2
Added Pin To Net: NetName=NetC4_1 Pin=XS2-1
Added Net: Name=NetC4_1
Added Pin To Net: NetName=NetC4_2 Pin=C4-2
Added Pin To Net: NetName=NetC4_2 Pin=OP1-2
Added Pin To Net: NetName=NetC4_2 Pin=R7-1
Added Pin To Net: NetName=NetC4_2 Pin=T1-8
Added Pin To Net: NetName=NetC4_2 Pin=VD4-2
Added Pin To Net: NetName=NetC4_2 Pin=XS2-2
Added Net: Name=NetC4_2
Added Pin To Net: NetName=NetOP1_1 Pin=OP1-1
Added Pin To Net: NetName=NetOP1_1 Pin=R7-2
Added Pin To Net: NetName=NetOP1_1 Pin=VD5-1
Added Net: Name=NetOP1_1
Added Pin To Net: NetName=NetOP1_3 Pin=OP1-3
Added Pin To Net: NetName=NetOP1_3 Pin=R4-2
Added Pin To Net: NetName=NetOP1_3 Pin=VT1-1
Added Net: Name=NetOP1_3
Added Pin To Net: NetName=NetR1_1 Pin=R1-1
Added Pin To Net: NetName=NetR1_1 Pin=XS1-1
Added Net: Name=NetR1_1
Added Pin To Net: NetName=NetR1_2 Pin=R1-2
Added Pin To Net: NetName=NetR1_2 Pin=VD1-3
Added Net: Name=NetR1_2
Added Pin To Net: NetName=NetR3_1 Pin=R3-1
Added Pin To Net: NetName=NetR3_1 Pin=T1-2
Added Pin To Net: NetName=NetR3_1 Pin=VD2-2
Added Net: Name=NetR3_1
Added Pin To Net: NetName=NetR4_1 Pin=R4-1
Added Pin To Net: NetName=NetR4_1 Pin=R5-1
Added Pin To Net: NetName=NetR4_1 Pin=VT2-3
Added Net: Name=NetR4_1
Added Pin To Net: NetName=NetR6_1 Pin=R6-1
Added Pin To Net: NetName=NetR6_1 Pin=VD4-1
Added Net: Name=NetR6_1
Added Pin To Net: NetName=NetT1_3 Pin=T1-3
Added Pin To Net: NetName=NetT1_3 Pin=VT2-2
Added Net: Name=NetT1_3
Added Pin To Net: NetName=NetT1_5 Pin=T1-5
Added Pin To Net: NetName=NetT1_5 Pin=VD3-1
Added Net: Name=NetT1_5
Added Pin To Net: NetName=NetVD1_4 Pin=VD1-4
Added Pin To Net: NetName=NetVD1_4 Pin=XS1-2
Added Net: Name=NetVD1_4
Added Class: Name=Schematic
