Removed Pin From Net: NetName=NetC1_1 Pin=T1-1
Removed Pin From Net: NetName=NetR3_1 Pin=T1-2
Removed Pin From Net: NetName=NetC2_1 Pin=T1-4
Removed Pin From Net: NetName=NetC4_2 Pin=T1-8
Removed Member From Class: ClassName=Schematic Member=T1
Added Component: Designator=T?(TSD-0816)
Add component. Clean all parameters for all variants
Added Pin To Net: NetName=NetC2_1 Pin=T?-2
Added Pin To Net: NetName=NetC1_1 Pin=T?-3
Added Pin To Net: NetName=NetR3_1 Pin=T?-4
Added Pin To Net: NetName=NetC4_2 Pin=T?-8
Added Pin To Net: NetName=NetT?_1 Pin=T?-1
Added Pin To Net: NetName=NetT?_1 Pin=VT2-2
Added Net: Name=NetT?_1
Added Pin To Net: NetName=NetT?_5 Pin=T?-5
Added Pin To Net: NetName=NetT?_5 Pin=VD3-1
Added Net: Name=NetT?_5
Added Member To Class: ClassName=Schematic Member=Component C1 10u
Added Member To Class: ClassName=Schematic Member=Component C2 2.2u
Added Member To Class: ClassName=Schematic Member=Component R2 1M
Added Member To Class: ClassName=Schematic Member=Component T? 200x15x7
