Added Component: Designator=C1(ECAP: 10x20)
Add component. Clean all parameters for all variants
Add component (AddParameter): Name = "ComponentLink1Description"; Value = "market"; VariantName = "[No Variations]"
Add component (AddParameter): Name = "ComponentLink1URL"; Value = "https://www.chipdip.ru/product0/22832"; VariantName = "[No Variations]"
Add component (AddParameter): Name = "ComponentLink2Description"; Value = "datasheet"; VariantName = "[No Variations]"
Add component (AddParameter): Name = "ComponentLink2URL"; Value = "https://static.chipdip.ru/lib/235/DOC000235479.pdf"; VariantName = "[No Variations]"
Added Component: Designator=C2(ECAP: 10x12)
Add component. Clean all parameters for all variants
Add component (AddParameter): Name = "ComponentLink1Description"; Value = "market"; VariantName = "[No Variations]"
Add component (AddParameter): Name = "ComponentLink1URL"; Value = "https://www.chipdip.ru/product0/708508021"; VariantName = "[No Variations]"
Add component (AddParameter): Name = "ComponentLink2Description"; Value = "datasheet"; VariantName = "[No Variations]"
Add component (AddParameter): Name = "ComponentLink2URL"; Value = "https://static.chipdip.ru/lib/235/DOC000235479.pdf"; VariantName = "[No Variations]"
Added Component: Designator=C3(CAP: 3x4)
Add component. Clean all parameters for all variants
Add component (AddParameter): Name = "ComponentLink1Description"; Value = "market"; VariantName = "[No Variations]"
Add component (AddParameter): Name = "ComponentLink1URL"; Value = "https://www.chipdip.ru/product0/48477"; VariantName = "[No Variations]"
Add component (AddParameter): Name = "ComponentLink2Description"; Value = "datasheet"; VariantName = "[No Variations]"
Add component (AddParameter): Name = "ComponentLink2URL"; Value = "https://static.chipdip.ru/lib/056/DOC000056282.pdf"; VariantName = "[No Variations]"
Added Component: Designator=C4(ECAP: 6x11)
Add component. Clean all parameters for all variants
Add component (AddParameter): Name = "ComponentLink1Description"; Value = "market"; VariantName = "[No Variations]"
Add component (AddParameter): Name = "ComponentLink1URL"; Value = "https://www.chipdip.ru/product0/9000274034"; VariantName = "[No Variations]"
Add component (AddParameter): Name = "ComponentLink2Description"; Value = "datasheet"; VariantName = "[No Variations]"
Add component (AddParameter): Name = "ComponentLink2URL"; Value = "https://static.chipdip.ru/lib/235/DOC000235479.pdf"; VariantName = "[No Variations]"
Added Component: Designator=OP1(DIP-4)
Add component. Clean all parameters for all variants
Add component (AddParameter): Name = "ComponentLink1Description"; Value = "market"; VariantName = "[No Variations]"
Add component (AddParameter): Name = "ComponentLink1URL"; Value = "https://www.chipdip.ru/product/fod817b"; VariantName = "[No Variations]"
Add component (AddParameter): Name = "ComponentLink2Description"; Value = "datasheet"; VariantName = "[No Variations]"
Add component (AddParameter): Name = "ComponentLink2URL"; Value = "https://static.chipdip.ru/lib/297/DOC000297284.pdf"; VariantName = "[No Variations]"
Added Component: Designator=R1(RES: 1W)
Add component. Clean all parameters for all variants
Add component (AddParameter): Name = "ComponentLink1Description"; Value = "market"; VariantName = "[No Variations]"
Add component (AddParameter): Name = "ComponentLink1URL"; Value = "https://www.chipdip.ru/product0/24035"; VariantName = "[No Variations]"
Add component (AddParameter): Name = "ComponentLink2Description"; Value = "datasheet"; VariantName = "[No Variations]"
Add component (AddParameter): Name = "ComponentLink2URL"; Value = "https://static.chipdip.ru/lib/055/DOC000055622.pdf"; VariantName = "[No Variations]"
Added Component: Designator=R2(RES: 0.25W)
Add component. Clean all parameters for all variants
Add component (AddParameter): Name = "ComponentLink1Description"; Value = "market"; VariantName = "[No Variations]"
Add component (AddParameter): Name = "ComponentLink1URL"; Value = "https://www.chipdip.ru/product0/51741"; VariantName = "[No Variations]"
Add component (AddParameter): Name = "ComponentLink2Description"; Value = "datasheet"; VariantName = "[No Variations]"
Add component (AddParameter): Name = "ComponentLink2URL"; Value = "https://static.chipdip.ru/lib/056/DOC000056035.pdf"; VariantName = "[No Variations]"
Added Component: Designator=R3(RES: 0.25W)
Add component. Clean all parameters for all variants
Add component (AddParameter): Name = "ComponentLink1Description"; Value = "market"; VariantName = "[No Variations]"
Add component (AddParameter): Name = "ComponentLink1URL"; Value = "https://www.chipdip.ru/product0/51741"; VariantName = "[No Variations]"
Add component (AddParameter): Name = "ComponentLink2Description"; Value = "datasheet"; VariantName = "[No Variations]"
Add component (AddParameter): Name = "ComponentLink2URL"; Value = "https://static.chipdip.ru/lib/056/DOC000056035.pdf"; VariantName = "[No Variations]"
Added Component: Designator=R4(RES: 0.25W)
Add component. Clean all parameters for all variants
Add component (AddParameter): Name = "ComponentLink1Description"; Value = "market"; VariantName = "[No Variations]"
Add component (AddParameter): Name = "ComponentLink1URL"; Value = "https://www.chipdip.ru/product0/51741"; VariantName = "[No Variations]"
Add component (AddParameter): Name = "ComponentLink2Description"; Value = "datasheet"; VariantName = "[No Variations]"
Add component (AddParameter): Name = "ComponentLink2URL"; Value = "https://static.chipdip.ru/lib/056/DOC000056035.pdf"; VariantName = "[No Variations]"
Added Component: Designator=R5(RES: 0.25W)
Add component. Clean all parameters for all variants
Add component (AddParameter): Name = "ComponentLink1Description"; Value = "market"; VariantName = "[No Variations]"
Add component (AddParameter): Name = "ComponentLink1URL"; Value = "https://www.chipdip.ru/product0/51741"; VariantName = "[No Variations]"
Add component (AddParameter): Name = "ComponentLink2Description"; Value = "datasheet"; VariantName = "[No Variations]"
Add component (AddParameter): Name = "ComponentLink2URL"; Value = "https://static.chipdip.ru/lib/056/DOC000056035.pdf"; VariantName = "[No Variations]"
Added Component: Designator=R6(RES: 0.25W)
Add component. Clean all parameters for all variants
Add component (AddParameter): Name = "ComponentLink1Description"; Value = "market"; VariantName = "[No Variations]"
Add component (AddParameter): Name = "ComponentLink1URL"; Value = "https://www.chipdip.ru/product0/51741"; VariantName = "[No Variations]"
Add component (AddParameter): Name = "ComponentLink2Description"; Value = "datasheet"; VariantName = "[No Variations]"
Add component (AddParameter): Name = "ComponentLink2URL"; Value = "https://static.chipdip.ru/lib/056/DOC000056035.pdf"; VariantName = "[No Variations]"
Added Component: Designator=R7(RES: 0.25W)
Add component. Clean all parameters for all variants
Add component (AddParameter): Name = "ComponentLink1Description"; Value = "market"; VariantName = "[No Variations]"
Add component (AddParameter): Name = "ComponentLink1URL"; Value = "https://www.chipdip.ru/product0/51741"; VariantName = "[No Variations]"
Add component (AddParameter): Name = "ComponentLink2Description"; Value = "datasheet"; VariantName = "[No Variations]"
Add component (AddParameter): Name = "ComponentLink2URL"; Value = "https://static.chipdip.ru/lib/056/DOC000056035.pdf"; VariantName = "[No Variations]"
Added Component: Designator=T1(TSD-0816)
Add component. Clean all parameters for all variants
Added Component: Designator=VD1(DFM)
Add component. Clean all parameters for all variants
Add component (AddParameter): Name = "ComponentLink1Description"; Value = "market"; VariantName = "[No Variations]"
Add component (AddParameter): Name = "ComponentLink1URL"; Value = "https://www.chipdip.ru/product/df08m"; VariantName = "[No Variations]"
Add component (AddParameter): Name = "ComponentLink2Description"; Value = "datasheet"; VariantName = "[No Variations]"
Add component (AddParameter): Name = "ComponentLink2URL"; Value = "https://static.chipdip.ru/lib/151/DOC000151037.pdf"; VariantName = "[No Variations]"
Added Component: Designator=VD2(DO-35)
Add component. Clean all parameters for all variants
Add component (AddParameter): Name = "ComponentLink1Description"; Value = "market"; VariantName = "[No Variations]"
Add component (AddParameter): Name = "ComponentLink1URL"; Value = "https://www.chipdip.ru/product/1n4148-nxp"; VariantName = "[No Variations]"
Add component (AddParameter): Name = "ComponentLink2Description"; Value = "datasheet"; VariantName = "[No Variations]"
Add component (AddParameter): Name = "ComponentLink2URL"; Value = "https://static.chipdip.ru/lib/007/DOC003007981.pdf"; VariantName = "[No Variations]"
Added Component: Designator=VD3(DO-41)
Add component. Clean all parameters for all variants
Add component (AddParameter): Name = "ComponentLink1Description"; Value = "market"; VariantName = "[No Variations]"
Add component (AddParameter): Name = "ComponentLink1URL"; Value = "https://www.chipdip.ru/product/1n5819-2"; VariantName = "[No Variations]"
Add component (AddParameter): Name = "ComponentLink2Description"; Value = "datasheet"; VariantName = "[No Variations]"
Add component (AddParameter): Name = "ComponentLink2URL"; Value = "https://static.chipdip.ru/lib/057/DOC000057299.pdf"; VariantName = "[No Variations]"
Added Component: Designator=VD4(LED: RED)
Add component. Clean all parameters for all variants
Add component (AddParameter): Name = "ComponentLink1Description"; Value = "market"; VariantName = "[No Variations]"
Add component (AddParameter): Name = "ComponentLink1URL"; Value = "https://www.chipdip.ru/product/gnl-3012hd"; VariantName = "[No Variations]"
Add component (AddParameter): Name = "ComponentLink2Description"; Value = "datasheet"; VariantName = "[No Variations]"
Add component (AddParameter): Name = "ComponentLink2URL"; Value = "https://static.chipdip.ru/lib/773/DOC002773602.pdf"; VariantName = "[No Variations]"
Added Component: Designator=VD5(DO-41)
Add component. Clean all parameters for all variants
Add component (AddParameter): Name = "ComponentLink1Description"; Value = "market"; VariantName = "[No Variations]"
Add component (AddParameter): Name = "ComponentLink1URL"; Value = "https://www.chipdip.ru/product/1n4730a"; VariantName = "[No Variations]"
Add component (AddParameter): Name = "ComponentLink2Description"; Value = "datasheet"; VariantName = "[No Variations]"
Add component (AddParameter): Name = "ComponentLink2URL"; Value = "https://static.chipdip.ru/lib/056/DOC000056713.pdf"; VariantName = "[No Variations]"
Added Component: Designator=VT1(TO-126 / SOT-32)
Add component. Clean all parameters for all variants
Add component (AddParameter): Name = "ComponentLink1Description"; Value = "market"; VariantName = "[No Variations]"
Add component (AddParameter): Name = "ComponentLink1URL"; Value = "https://www.chipdip.ru/product/bd135"; VariantName = "[No Variations]"
Add component (AddParameter): Name = "ComponentLink2Description"; Value = "datasheet"; VariantName = "[No Variations]"
Add component (AddParameter): Name = "ComponentLink2URL"; Value = "https://static.chipdip.ru/lib/011/DOC001011692.pdf"; VariantName = "[No Variations]"
Added Component: Designator=VT2(TO-126 / SOT-32)
Add component. Clean all parameters for all variants
Add component (AddParameter): Name = "ComponentLink1Description"; Value = "market"; VariantName = "[No Variations]"
Add component (AddParameter): Name = "ComponentLink1URL"; Value = "https://www.chipdip.ru/product/mje13003-st13003"; VariantName = "[No Variations]"
Add component (AddParameter): Name = "ComponentLink3Description"; Value = "datasheet"; VariantName = "[No Variations]"
Add component (AddParameter): Name = "ComponentLink3URL"; Value = "https://static.chipdip.ru/lib/204/DOC000204730.pdf"; VariantName = "[No Variations]"
Added Component: Designator=XS1(KLS2-306-021-12 - duplicate)
Add component. Clean all parameters for all variants
Add component (AddParameter): Name = "ComponentLink1Description"; Value = "market"; VariantName = "[No Variations]"
Add component (AddParameter): Name = "ComponentLink1URL"; Value = "https://www.chipdip.ru/product/306-021-12"; VariantName = "[No Variations]"
Add component (AddParameter): Name = "ComponentLink2Description"; Value = "datasheet"; VariantName = "[No Variations]"
Add component (AddParameter): Name = "ComponentLink2URL"; Value = "https://static.chipdip.ru/lib/064/DOC000064100.pdf"; VariantName = "[No Variations]"
Added Component: Designator=XS2(USB 2.0)
Add component. Clean all parameters for all variants
Add component (AddParameter): Name = "ComponentLink1Description"; Value = "market"; VariantName = "[No Variations]"
Add component (AddParameter): Name = "ComponentLink1URL"; Value = "https://yandex.ru/search/?clid=2285101&text=USBA-1J%20%D1%83%D0%B3%D0%BE%20%D0%B3%D0%BE%D1%81%D1%82&lr=213"; VariantName = "[No Variations]"
Add component (AddParameter): Name = "ComponentLink2Description"; Value = "datasheet"; VariantName = "[No Variations]"
Add component (AddParameter): Name = "ComponentLink2URL"; Value = "https://static.chipdip.ru/lib/063/DOC000063868.pdf"; VariantName = "[No Variations]"
Added Pin To Net: NetName=NetC1_1 Pin=C1-1
Added Pin To Net: NetName=NetC1_2 Pin=C1-2
Added Pin To Net: NetName=NetC2_1 Pin=C2-1
Added Pin To Net: NetName=NetC1_2 Pin=C2-2
Added Pin To Net: NetName=NetC3_1 Pin=C3-1
Added Pin To Net: NetName=NetC3_2 Pin=C3-2
Added Pin To Net: NetName=NetC4_1 Pin=C4-1
Added Pin To Net: NetName=NetC4_2 Pin=C4-2
Added Pin To Net: NetName=NetC4_2 Pin=OP1-2
Added Pin To Net: NetName=NetOP1_3 Pin=OP1-3
Added Pin To Net: NetName=NetC1_1 Pin=OP1-4
Added Pin To Net: NetName=NetR1_1 Pin=R1-1
Added Pin To Net: NetName=NetR1_2 Pin=R1-2
Added Pin To Net: NetName=NetC3_2 Pin=R2-1
Added Pin To Net: NetName=NetC2_1 Pin=R2-2
Added Pin To Net: NetName=NetR3_1 Pin=R3-1
Added Pin To Net: NetName=NetC3_1 Pin=R3-2
Added Pin To Net: NetName=NetOP1_3 Pin=R4-2
Added Pin To Net: NetName=NetC1_2 Pin=R5-2
Added Pin To Net: NetName=NetC4_1 Pin=R6-2
Added Pin To Net: NetName=NetC4_2 Pin=R7-1
Added Pin To Net: NetName=NetC1_1 Pin=T1-1
Added Pin To Net: NetName=NetR3_1 Pin=T1-2
Added Pin To Net: NetName=NetC2_1 Pin=T1-4
Added Pin To Net: NetName=NetC4_2 Pin=T1-8
Added Pin To Net: NetName=NetC2_1 Pin=VD1-1
Added Pin To Net: NetName=NetC1_2 Pin=VD1-2
Added Pin To Net: NetName=NetR1_2 Pin=VD1-3
Added Pin To Net: NetName=NetC4_2 Pin=VD4-2
Added Pin To Net: NetName=NetOP1_3 Pin=VT1-1
Added Pin To Net: NetName=NetC3_2 Pin=VT1-2
Added Pin To Net: NetName=NetC1_2 Pin=VT1-3
Added Pin To Net: NetName=NetC3_2 Pin=VT2-1
Added Pin To Net: NetName=NetR1_1 Pin=XS1-1
Added Pin To Net: NetName=NetC4_1 Pin=XS2-1
Added Pin To Net: NetName=NetC4_2 Pin=XS2-2
Added Pin To Net: NetName=NetOP1_1 Pin=OP1-1
Added Pin To Net: NetName=NetOP1_1 Pin=R7-2
Added Pin To Net: NetName=NetOP1_1 Pin=VD5-1
Added Net: Name=NetOP1_1
Added Pin To Net: NetName=NetR4_1 Pin=R4-1
Added Pin To Net: NetName=NetR4_1 Pin=R5-1
Added Pin To Net: NetName=NetR4_1 Pin=VT2-3
Added Net: Name=NetR4_1
Added Pin To Net: NetName=NetR6_1 Pin=R6-1
Added Pin To Net: NetName=NetR6_1 Pin=VD4-1
Added Net: Name=NetR6_1
Added Pin To Net: NetName=NetT1_3 Pin=T1-3
Added Pin To Net: NetName=NetT1_3 Pin=VT2-2
Added Net: Name=NetT1_3
Added Pin To Net: NetName=NetT1_5 Pin=T1-5
Added Pin To Net: NetName=NetT1_5 Pin=VD3-1
Added Net: Name=NetT1_5
Added Pin To Net: NetName=NetVD1_4 Pin=VD1-4
Added Pin To Net: NetName=NetVD1_4 Pin=XS1-2
Added Net: Name=NetVD1_4
Added Member To Class: ClassName=Schematic Member=Component C1 10u_400v
Added Member To Class: ClassName=Schematic Member=Component C2 2.2u_400v
Added Member To Class: ClassName=Schematic Member=Component C3 5n6
Added Member To Class: ClassName=Schematic Member=Component C4 220u
Added Member To Class: ClassName=Schematic Member=Component OP1 PC817
Added Member To Class: ClassName=Schematic Member=Component R1 RES 2W_1Ohm
Added Member To Class: ClassName=Schematic Member=Component R2 1M
Added Member To Class: ClassName=Schematic Member=Component R3 680
Added Member To Class: ClassName=Schematic Member=Component R4 680
Added Member To Class: ClassName=Schematic Member=Component R5 10
Added Member To Class: ClassName=Schematic Member=Component R6 680
Added Member To Class: ClassName=Schematic Member=Component R7 220
Added Member To Class: ClassName=Schematic Member=Component T1 200x15x7
Added Member To Class: ClassName=Schematic Member=Component VD1 DB106
Added Member To Class: ClassName=Schematic Member=Component VD2 1N4148
Added Member To Class: ClassName=Schematic Member=Component VD3 1N5819
Added Member To Class: ClassName=Schematic Member=Component VD4 Model
Added Member To Class: ClassName=Schematic Member=Component VD5 1N4730A
Added Member To Class: ClassName=Schematic Member=Component VT1 BD135
Added Member To Class: ClassName=Schematic Member=Component VT2 MJE13003
Added Member To Class: ClassName=Schematic Member=Component XS1 306-021-12
Added Member To Class: ClassName=Schematic Member=Component XS2 USB 2.0
Added Room: Name=Schematic
